<?xml version="1.0" encoding="UTF-8"?>
<!-- Generated by org.testng.reporters.JUnitReportReporter -->
<testsuite hostname="AdnanAashiq" failures="0" tests="2" name="TestSuite.FillFormTestCases" time="18.157" errors="0" timestamp="2022-12-15T14:19:00 PKT" skipped="0">
  <testcase classname="TestSuite.FillFormTestCases" name="FillForm" time="10.183"/>
  <system-out/>
  <testcase classname="TestSuite.FillFormTestCases" name="FillForm" time="7.974"/>
  <system-out/>
</testsuite> <!-- TestSuite.FillFormTestCases -->
