<?xml version="1.0" encoding="UTF-8"?>
<!-- Generated by org.testng.reporters.JUnitReportReporter -->
<testsuite hostname="DESKTOP-OT70IR9" failures="0" tests="1" name="TestScript" time="42.987" errors="0" timestamp="2022-12-14T00:00:15 PKT" skipped="0">
  <testcase classname="TestScript" name="FillForm" time="42.987"/>
  <system-out/>
</testsuite> <!-- TestScript -->
